[30-08-2023 21:04:48.018 INFO com.nopcommerce.user.Level_15_Log] - Register - Step 01: Verify register link is displayed
[30-08-2023 21:04:48.228 INFO com.nopcommerce.user.Level_15_Log] - --------------- FAILED ---------------
[30-08-2023 21:04:48.228 INFO com.nopcommerce.user.Level_15_Log] - Register - Step 02: Click to register link
[30-08-2023 21:04:49.518 INFO com.nopcommerce.user.Level_15_Log] - Register - Step 03: Click to register button
[30-08-2023 21:04:49.961 INFO com.nopcommerce.user.Level_15_Log] - Register - Step 04: Verify error message at First name text box
[30-08-2023 21:04:50.016 INFO com.nopcommerce.user.Level_15_Log] - --------------- PASSED ---------------
[30-08-2023 21:04:50.017 INFO com.nopcommerce.user.Level_15_Log] - Register - Step 05: Verify error message at Last name text box
[30-08-2023 21:04:50.092 INFO com.nopcommerce.user.Level_15_Log] - --------------- FAILED ---------------
[30-08-2023 21:04:50.093 INFO com.nopcommerce.user.Level_15_Log] - Register - Step 06: Enter to First name text box
[30-08-2023 21:04:50.252 INFO com.nopcommerce.user.Level_15_Log] - Register - Step 07: Enter to Last name text box
[30-08-2023 21:04:50.428 INFO com.nopcommerce.user.Level_15_Log] - Register - Step 08: Enter to 'Email' text box with value is user9164@gmail.com
[30-08-2023 21:04:50.618 INFO com.nopcommerce.user.Level_15_Log] - Register - Step 09: Enter to Password text box
[30-08-2023 21:04:50.769 INFO com.nopcommerce.user.Level_15_Log] - Register - Step 10: Enter to Confirm password text box
[30-08-2023 21:04:50.948 INFO com.nopcommerce.user.Level_15_Log] - Register - Step 11: Click to register button
[30-08-2023 21:04:51.746 INFO com.nopcommerce.user.Level_15_Log] - Register - Step 12: Verify success message is displayed
[30-08-2023 21:04:51.872 INFO com.nopcommerce.user.Level_15_Log] - --------------- FAILED ---------------
[30-08-2023 21:04:52.077 INFO com.nopcommerce.user.Level_15_Log] - Register - Step 01: Verify register link is displayed
[30-08-2023 21:04:52.161 INFO com.nopcommerce.user.Level_15_Log] - --------------- FAILED ---------------
[30-08-2023 21:04:52.162 INFO com.nopcommerce.user.Level_15_Log] - Register - Step 02: Click to register link
[30-08-2023 21:04:52.701 INFO com.nopcommerce.user.Level_15_Log] - Register - Step 06: Enter to First name text box
[30-08-2023 21:04:52.842 INFO com.nopcommerce.user.Level_15_Log] - Register - Step 07: Enter to Last name text box
[30-08-2023 21:04:52.979 INFO com.nopcommerce.user.Level_15_Log] - Register - Step 08: Enter to 'Email' text box with value is user9164@gmail.com
[30-08-2023 21:04:53.070 INFO com.nopcommerce.user.Level_15_Log] - Register - Step 09: Enter to Password text box
[30-08-2023 21:04:53.146 INFO com.nopcommerce.user.Level_15_Log] - Register - Step 10: Enter to Confirm password text box
[30-08-2023 21:04:53.228 INFO com.nopcommerce.user.Level_15_Log] - Register - Step 11: Click to register button
[30-08-2023 21:04:53.699 INFO com.nopcommerce.user.Level_15_Log] - Register - Step 12: Verify success message is displayed
[30-08-2023 21:06:01.630 INFO com.nopcommerce.user.Level_15_Log] - Register - Step 01: Verify register link is displayed
[30-08-2023 21:06:01.769 INFO com.nopcommerce.user.Level_15_Log] - --------------- FAILED ---------------
[30-08-2023 21:06:01.769 INFO com.nopcommerce.user.Level_15_Log] - Register - Step 02: Click to register link
[30-08-2023 21:06:02.491 INFO com.nopcommerce.user.Level_15_Log] - Register - Step 03: Click to register button
[30-08-2023 21:06:02.874 INFO com.nopcommerce.user.Level_15_Log] - Register - Step 04: Verify error message at First name text box
[30-08-2023 21:06:03.012 INFO com.nopcommerce.user.Level_15_Log] - --------------- PASSED ---------------
[30-08-2023 21:06:03.012 INFO com.nopcommerce.user.Level_15_Log] - Register - Step 05: Verify error message at Last name text box
[30-08-2023 21:06:03.109 INFO com.nopcommerce.user.Level_15_Log] - --------------- FAILED ---------------
[30-08-2023 21:06:03.110 INFO com.nopcommerce.user.Level_15_Log] - Register - Step 06: Enter to First name text box
[30-08-2023 21:06:03.277 INFO com.nopcommerce.user.Level_15_Log] - Register - Step 07: Enter to Last name text box
[30-08-2023 21:06:03.559 INFO com.nopcommerce.user.Level_15_Log] - Register - Step 08: Enter to 'Email' text box with value is user4504@gmail.com
[30-08-2023 21:06:03.925 INFO com.nopcommerce.user.Level_15_Log] - Register - Step 09: Enter to Password text box
[30-08-2023 21:06:04.121 INFO com.nopcommerce.user.Level_15_Log] - Register - Step 10: Enter to Confirm password text box
[30-08-2023 21:06:04.329 INFO com.nopcommerce.user.Level_15_Log] - Register - Step 11: Click to register button
[30-08-2023 21:06:05.952 INFO com.nopcommerce.user.Level_15_Log] - Register - Step 12: Verify success message is displayed
[30-08-2023 21:06:06.091 INFO com.nopcommerce.user.Level_15_Log] - --------------- FAILED ---------------
[30-08-2023 21:06:06.342 INFO com.nopcommerce.user.Level_15_Log] - Register - Step 01: Verify register link is displayed
[30-08-2023 21:06:06.478 INFO com.nopcommerce.user.Level_15_Log] - --------------- FAILED ---------------
[30-08-2023 21:06:06.479 INFO com.nopcommerce.user.Level_15_Log] - Register - Step 02: Click to register link
[30-08-2023 21:06:07.142 INFO com.nopcommerce.user.Level_15_Log] - Register - Step 06: Enter to First name text box
[30-08-2023 21:06:07.432 INFO com.nopcommerce.user.Level_15_Log] - Register - Step 07: Enter to Last name text box
[30-08-2023 21:06:07.644 INFO com.nopcommerce.user.Level_15_Log] - Register - Step 08: Enter to 'Email' text box with value is user4504@gmail.com
[30-08-2023 21:06:07.895 INFO com.nopcommerce.user.Level_15_Log] - Register - Step 09: Enter to Password text box
[30-08-2023 21:06:08.097 INFO com.nopcommerce.user.Level_15_Log] - Register - Step 10: Enter to Confirm password text box
[30-08-2023 21:06:08.243 INFO com.nopcommerce.user.Level_15_Log] - Register - Step 11: Click to register button
[30-08-2023 21:06:08.598 INFO com.nopcommerce.user.Level_15_Log] - Register - Step 12: Verify success message is displayed
