[30-08-2023 20:50:09.265 INFO com.nopcommerce.user.Level_15_Log] - Register - Step 01: Verify register link is displayed
[30-08-2023 20:50:09.381 INFO com.nopcommerce.user.Level_15_Log] - --------------- FAILED ---------------
[30-08-2023 20:50:09.382 INFO com.nopcommerce.user.Level_15_Log] - Register - Step 02: Click to register link
[30-08-2023 20:50:09.948 INFO com.nopcommerce.user.Level_15_Log] - Register - Step 03: Click to register button
[30-08-2023 20:50:10.392 INFO com.nopcommerce.user.Level_15_Log] - Register - Step 04: Verify error message at First name text box
[30-08-2023 20:50:10.443 INFO com.nopcommerce.user.Level_15_Log] - --------------- PASSED ---------------
[30-08-2023 20:50:10.444 INFO com.nopcommerce.user.Level_15_Log] - Register - Step 05: Verify error message at Last name text box
[30-08-2023 20:50:10.494 INFO com.nopcommerce.user.Level_15_Log] - --------------- FAILED ---------------
[30-08-2023 20:50:10.495 INFO com.nopcommerce.user.Level_15_Log] - Register - Step 06: Enter to First name text box
[30-08-2023 20:50:10.579 INFO com.nopcommerce.user.Level_15_Log] - Register - Step 07: Enter to Last name text box
[30-08-2023 20:50:10.658 INFO com.nopcommerce.user.Level_15_Log] - Register - Step 08: Enter to 'Email' text box with value is user3420@gmail.com
[30-08-2023 20:50:10.739 INFO com.nopcommerce.user.Level_15_Log] - Register - Step 09: Enter to Password text box
[30-08-2023 20:50:10.821 INFO com.nopcommerce.user.Level_15_Log] - Register - Step 10: Enter to Confirm password text box
[30-08-2023 20:50:10.908 INFO com.nopcommerce.user.Level_15_Log] - Register - Step 11: Click to register button
[30-08-2023 20:50:12.242 INFO com.nopcommerce.user.Level_15_Log] - Register - Step 12: Verify success message is displayed
[30-08-2023 20:50:12.303 INFO com.nopcommerce.user.Level_15_Log] - --------------- FAILED ---------------
[30-08-2023 20:50:12.432 INFO com.nopcommerce.user.Level_15_Log] - Register - Step 01: Verify register link is displayed
[30-08-2023 20:50:12.469 INFO com.nopcommerce.user.Level_15_Log] - --------------- FAILED ---------------
[30-08-2023 20:50:12.469 INFO com.nopcommerce.user.Level_15_Log] - Register - Step 02: Click to register link
[30-08-2023 20:50:12.923 INFO com.nopcommerce.user.Level_15_Log] - Register - Step 06: Enter to First name text box
[30-08-2023 20:50:13.089 INFO com.nopcommerce.user.Level_15_Log] - Register - Step 07: Enter to Last name text box
[30-08-2023 20:50:13.202 INFO com.nopcommerce.user.Level_15_Log] - Register - Step 08: Enter to 'Email' text box with value is user3420@gmail.com
[30-08-2023 20:50:13.335 INFO com.nopcommerce.user.Level_15_Log] - Register - Step 09: Enter to Password text box
[30-08-2023 20:50:13.464 INFO com.nopcommerce.user.Level_15_Log] - Register - Step 10: Enter to Confirm password text box
[30-08-2023 20:50:13.564 INFO com.nopcommerce.user.Level_15_Log] - Register - Step 11: Click to register button
[30-08-2023 20:50:14.064 INFO com.nopcommerce.user.Level_15_Log] - Register - Step 12: Verify success message is displayed
