[13-09-2023 18:10:08.127 INFO com.nopcommerce.user.Level_15_Log] - Starting delete all file in ReportNG screenshot
[13-09-2023 18:10:08.148 INFO com.nopcommerce.user.Level_15_Log] - Deleted success
[13-09-2023 18:10:17.334 INFO com.nopcommerce.user.Level_15_Log] - Register - Step 01: Verify register link is displayed
[13-09-2023 18:10:17.439 INFO com.nopcommerce.user.Level_15_Log] - --------------- PASSED ---------------
[13-09-2023 18:10:17.439 INFO com.nopcommerce.user.Level_15_Log] - Register - Step 02: Click to register link
[13-09-2023 18:10:18.468 INFO com.nopcommerce.user.Level_15_Log] - Register - Step 03: Click to register button
[13-09-2023 18:10:18.775 INFO com.nopcommerce.user.Level_15_Log] - Register - Step 04: Verify error message at First name text box
[13-09-2023 18:10:18.852 INFO com.nopcommerce.user.Level_15_Log] - --------------- PASSED ---------------
[13-09-2023 18:10:18.853 INFO com.nopcommerce.user.Level_15_Log] - Register - Step 05: Verify error message at Last name text box
[13-09-2023 18:10:18.893 INFO com.nopcommerce.user.Level_15_Log] - --------------- FAILED ---------------
[13-09-2023 18:10:18.905 INFO com.nopcommerce.user.Level_15_Log] - Register - Step 01: Verify register link is displayed
[13-09-2023 18:10:18.955 INFO com.nopcommerce.user.Level_15_Log] - --------------- FAILED ---------------
[13-09-2023 18:10:18.955 INFO com.nopcommerce.user.Level_15_Log] - Register - Step 02: Click to register link
[13-09-2023 18:10:19.398 INFO com.nopcommerce.user.Level_15_Log] - Register - Step 06: Enter to First name text box
[13-09-2023 18:10:19.502 INFO com.nopcommerce.user.Level_15_Log] - Register - Step 07: Enter to Last name text box
[13-09-2023 18:10:19.576 INFO com.nopcommerce.user.Level_15_Log] - Register - Step 08: Enter to 'Email' text box with value is user9661@gmail.com
[13-09-2023 18:10:19.654 INFO com.nopcommerce.user.Level_15_Log] - Register - Step 09: Enter to Password text box
[13-09-2023 18:10:19.724 INFO com.nopcommerce.user.Level_15_Log] - Register - Step 10: Enter to Confirm password text box
[13-09-2023 18:10:19.805 INFO com.nopcommerce.user.Level_15_Log] - Register - Step 11: Click to register button
[13-09-2023 18:10:20.606 INFO com.nopcommerce.user.Level_15_Log] - Register - Step 12: Verify success message is displayed
[13-09-2023 18:10:20.684 INFO com.nopcommerce.user.Level_15_Log] - --------------- FAILED ---------------
