[30-08-2023 21:04:11.930 INFO com.nopcommerce.user.Level_15_Log] - Register - Step 01: Verify register link is displayed
[30-08-2023 21:04:12.029 INFO com.nopcommerce.user.Level_15_Log] - --------------- FAILED ---------------
[30-08-2023 21:04:12.029 INFO com.nopcommerce.user.Level_15_Log] - Register - Step 02: Click to register link
[30-08-2023 21:04:12.952 INFO com.nopcommerce.user.Level_15_Log] - Register - Step 03: Click to register button
[30-08-2023 21:04:13.265 INFO com.nopcommerce.user.Level_15_Log] - Register - Step 04: Verify error message at First name text box
[30-08-2023 21:04:13.331 INFO com.nopcommerce.user.Level_15_Log] - --------------- PASSED ---------------
[30-08-2023 21:04:13.331 INFO com.nopcommerce.user.Level_15_Log] - Register - Step 05: Verify error message at Last name text box
[30-08-2023 21:04:13.360 INFO com.nopcommerce.user.Level_15_Log] - --------------- FAILED ---------------
[30-08-2023 21:04:13.360 INFO com.nopcommerce.user.Level_15_Log] - Register - Step 06: Enter to First name text box
[30-08-2023 21:04:13.428 INFO com.nopcommerce.user.Level_15_Log] - Register - Step 07: Enter to Last name text box
[30-08-2023 21:04:13.499 INFO com.nopcommerce.user.Level_15_Log] - Register - Step 08: Enter to 'Email' text box with value is user1620@gmail.com
[30-08-2023 21:04:13.581 INFO com.nopcommerce.user.Level_15_Log] - Register - Step 09: Enter to Password text box
[30-08-2023 21:04:13.647 INFO com.nopcommerce.user.Level_15_Log] - Register - Step 10: Enter to Confirm password text box
[30-08-2023 21:04:13.705 INFO com.nopcommerce.user.Level_15_Log] - Register - Step 11: Click to register button
[30-08-2023 21:04:14.510 INFO com.nopcommerce.user.Level_15_Log] - Register - Step 12: Verify success message is displayed
[30-08-2023 21:04:14.569 INFO com.nopcommerce.user.Level_15_Log] - --------------- FAILED ---------------
[30-08-2023 21:04:14.655 INFO com.nopcommerce.user.Level_15_Log] - Register - Step 01: Verify register link is displayed
[30-08-2023 21:04:14.696 INFO com.nopcommerce.user.Level_15_Log] - --------------- FAILED ---------------
[30-08-2023 21:04:14.696 INFO com.nopcommerce.user.Level_15_Log] - Register - Step 02: Click to register link
[30-08-2023 21:04:15.095 INFO com.nopcommerce.user.Level_15_Log] - Register - Step 06: Enter to First name text box
[30-08-2023 21:04:15.183 INFO com.nopcommerce.user.Level_15_Log] - Register - Step 07: Enter to Last name text box
[30-08-2023 21:04:15.245 INFO com.nopcommerce.user.Level_15_Log] - Register - Step 08: Enter to 'Email' text box with value is user1620@gmail.com
[30-08-2023 21:04:15.323 INFO com.nopcommerce.user.Level_15_Log] - Register - Step 09: Enter to Password text box
[30-08-2023 21:04:15.372 INFO com.nopcommerce.user.Level_15_Log] - Register - Step 10: Enter to Confirm password text box
[30-08-2023 21:04:15.443 INFO com.nopcommerce.user.Level_15_Log] - Register - Step 11: Click to register button
[30-08-2023 21:04:15.896 INFO com.nopcommerce.user.Level_15_Log] - Register - Step 12: Verify success message is displayed
